<?xml version="1.0" encoding="UTF-8"?>
<testsuite xmlns:xsi="http://www.w3.org/2001/XMLSchema-instance" xsi:noNamespaceSchemaLocation="https://maven.apache.org/surefire/maven-surefire-plugin/xsd/surefire-test-report-3.0.xsd" version="3.0" name="TestSuite" time="16.669" tests="2" errors="0" skipped="0" failures="1">
  <properties>
    <property name="gopherProxySet" value="false"/>
    <property name="awt.toolkit" value="sun.lwawt.macosx.LWCToolkit"/>
    <property name="file.encoding.pkg" value="sun.io"/>
    <property name="java.specification.version" value="1.8"/>
    <property name="webdriver.chrome.driver" value="/Users/SaurabhM84/Pragya Automation Testing/eclipse-workspace/AutomationFramework/src/test/resources/executables/chromedriver"/>
    <property name="sun.cpu.isalist" value=""/>
    <property name="sun.jnu.encoding" value="UTF-8"/>
    <property name="org.uncommons.reportng.escape-output" value="false"/>
    <property name="java.class.path" value="/Users/SaurabhM84/Pragya Automation Testing/eclipse-workspace/AutomationFramework/target/test-classes:/Users/SaurabhM84/Pragya Automation Testing/eclipse-workspace/AutomationFramework/target/classes:/Users/SaurabhM84/.m2/repository/org/testng/testng/7.0.0/testng-7.0.0.jar:/Users/SaurabhM84/.m2/repository/com/beust/jcommander/1.72/jcommander-1.72.jar:/Users/SaurabhM84/.m2/repository/org/seleniumhq/selenium/selenium-java/3.141.59/selenium-java-3.141.59.jar:/Users/SaurabhM84/.m2/repository/org/seleniumhq/selenium/selenium-api/3.141.59/selenium-api-3.141.59.jar:/Users/SaurabhM84/.m2/repository/org/seleniumhq/selenium/selenium-chrome-driver/3.141.59/selenium-chrome-driver-3.141.59.jar:/Users/SaurabhM84/.m2/repository/org/seleniumhq/selenium/selenium-edge-driver/3.141.59/selenium-edge-driver-3.141.59.jar:/Users/SaurabhM84/.m2/repository/org/seleniumhq/selenium/selenium-firefox-driver/3.141.59/selenium-firefox-driver-3.141.59.jar:/Users/SaurabhM84/.m2/repository/org/seleniumhq/selenium/selenium-ie-driver/3.141.59/selenium-ie-driver-3.141.59.jar:/Users/SaurabhM84/.m2/repository/org/seleniumhq/selenium/selenium-opera-driver/3.141.59/selenium-opera-driver-3.141.59.jar:/Users/SaurabhM84/.m2/repository/org/seleniumhq/selenium/selenium-remote-driver/3.141.59/selenium-remote-driver-3.141.59.jar:/Users/SaurabhM84/.m2/repository/org/seleniumhq/selenium/selenium-safari-driver/3.141.59/selenium-safari-driver-3.141.59.jar:/Users/SaurabhM84/.m2/repository/org/seleniumhq/selenium/selenium-support/3.141.59/selenium-support-3.141.59.jar:/Users/SaurabhM84/.m2/repository/net/bytebuddy/byte-buddy/1.8.15/byte-buddy-1.8.15.jar:/Users/SaurabhM84/.m2/repository/org/apache/commons/commons-exec/1.3/commons-exec-1.3.jar:/Users/SaurabhM84/.m2/repository/com/google/guava/guava/25.0-jre/guava-25.0-jre.jar:/Users/SaurabhM84/.m2/repository/com/google/code/findbugs/jsr305/1.3.9/jsr305-1.3.9.jar:/Users/SaurabhM84/.m2/repository/org/checkerframework/checker-compat-qual/2.0.0/checker-compat-qual-2.0.0.jar:/Users/SaurabhM84/.m2/repository/com/google/errorprone/error_prone_annotations/2.1.3/error_prone_annotations-2.1.3.jar:/Users/SaurabhM84/.m2/repository/com/google/j2objc/j2objc-annotations/1.1/j2objc-annotations-1.1.jar:/Users/SaurabhM84/.m2/repository/org/codehaus/mojo/animal-sniffer-annotations/1.14/animal-sniffer-annotations-1.14.jar:/Users/SaurabhM84/.m2/repository/com/squareup/okhttp3/okhttp/3.11.0/okhttp-3.11.0.jar:/Users/SaurabhM84/.m2/repository/com/squareup/okio/okio/1.14.0/okio-1.14.0.jar:/Users/SaurabhM84/.m2/repository/commons-io/commons-io/2.6/commons-io-2.6.jar:/Users/SaurabhM84/.m2/repository/commons-logging/commons-logging/1.2/commons-logging-1.2.jar:/Users/SaurabhM84/.m2/repository/org/apache/commons/commons-lang3/3.9/commons-lang3-3.9.jar:/Users/SaurabhM84/.m2/repository/com/relevantcodes/extentreports/2.41.2/extentreports-2.41.2.jar:/Users/SaurabhM84/.m2/repository/org/jsoup/jsoup/1.8.3/jsoup-1.8.3.jar:/Users/SaurabhM84/.m2/repository/org/xerial/sqlite-jdbc/3.8.11.1/sqlite-jdbc-3.8.11.1.jar:/Users/SaurabhM84/.m2/repository/org/freemarker/freemarker/2.3.23/freemarker-2.3.23.jar:/Users/SaurabhM84/.m2/repository/org/mongodb/mongodb-driver/3.0.4/mongodb-driver-3.0.4.jar:/Users/SaurabhM84/.m2/repository/org/mongodb/bson/3.0.4/bson-3.0.4.jar:/Users/SaurabhM84/.m2/repository/org/mongodb/mongodb-driver-core/3.0.4/mongodb-driver-core-3.0.4.jar:/Users/SaurabhM84/.m2/repository/org/uncommons/reportng/1.1.4/reportng-1.1.4.jar:/Users/SaurabhM84/.m2/repository/velocity/velocity/1.4/velocity-1.4.jar:/Users/SaurabhM84/.m2/repository/velocity/velocity-dep/1.4/velocity-dep-1.4.jar:/Users/SaurabhM84/.m2/repository/com/google/inject/guice/4.1.0/guice-4.1.0.jar:/Users/SaurabhM84/.m2/repository/javax/inject/javax.inject/1/javax.inject-1.jar:/Users/SaurabhM84/.m2/repository/aopalliance/aopalliance/1.0/aopalliance-1.0.jar:/Users/SaurabhM84/.m2/repository/log4j/log4j/1.2.17/log4j-1.2.17.jar:/Users/SaurabhM84/.m2/repository/org/apache/logging/log4j/log4j-api/2.12.1/log4j-api-2.12.1.jar:/Users/SaurabhM84/.m2/repository/javax/mail/mail/1.4.7/mail-1.4.7.jar:/Users/SaurabhM84/.m2/repository/javax/activation/activation/1.1/activation-1.1.jar:/Users/SaurabhM84/.m2/repository/mysql/mysql-connector-java/6.0.5/mysql-connector-java-6.0.5.jar:/Users/SaurabhM84/.m2/repository/org/apache/poi/poi/3.6/poi-3.6.jar:/Users/SaurabhM84/.m2/repository/org/apache/poi/poi-ooxml/3.6/poi-ooxml-3.6.jar:/Users/SaurabhM84/.m2/repository/dom4j/dom4j/1.1/dom4j-1.1.jar:/Users/SaurabhM84/.m2/repository/org/apache/xmlbeans/xmlbeans/2.3.0/xmlbeans-2.3.0.jar:/Users/SaurabhM84/.m2/repository/stax/stax-api/1.0.1/stax-api-1.0.1.jar:/Users/SaurabhM84/.m2/repository/org/apache/poi/poi-ooxml-schemas/3.6/poi-ooxml-schemas-3.6.jar:/Users/SaurabhM84/.m2/repository/org/apache/geronimo/specs/geronimo-stax-api_1.0_spec/1.0/geronimo-stax-api_1.0_spec-1.0.jar:"/>
    <property name="java.vm.vendor" value="Oracle Corporation"/>
    <property name="sun.arch.data.model" value="64"/>
    <property name="java.vendor.url" value="http://java.oracle.com/"/>
    <property name="user.timezone" value="America/Toronto"/>
    <property name="java.vm.specification.version" value="1.8"/>
    <property name="os.name" value="Mac OS X"/>
    <property name="user.country" value="US"/>
    <property name="sun.java.launcher" value="SUN_STANDARD"/>
    <property name="sun.boot.library.path" value="/Library/Java/JavaVirtualMachines/jdk1.8.0_231.jdk/Contents/Home/jre/lib"/>
    <property name="sun.java.command" value="/Users/SaurabhM84/Pragya Automation Testing/eclipse-workspace/AutomationFramework/target/surefire/surefirebooter7602349416620476419.jar /Users/SaurabhM84/Pragya Automation Testing/eclipse-workspace/AutomationFramework/target/surefire 2019-12-06T23-51-18_004-jvmRun1 surefire5666188984645211699tmp surefire_072407630879410847tmp"/>
    <property name="http.nonProxyHosts" value="local|*.local|169.254/16|*.169.254/16"/>
    <property name="surefire.test.class.path" value="/Users/SaurabhM84/Pragya Automation Testing/eclipse-workspace/AutomationFramework/target/test-classes:/Users/SaurabhM84/Pragya Automation Testing/eclipse-workspace/AutomationFramework/target/classes:/Users/SaurabhM84/.m2/repository/org/testng/testng/7.0.0/testng-7.0.0.jar:/Users/SaurabhM84/.m2/repository/com/beust/jcommander/1.72/jcommander-1.72.jar:/Users/SaurabhM84/.m2/repository/org/seleniumhq/selenium/selenium-java/3.141.59/selenium-java-3.141.59.jar:/Users/SaurabhM84/.m2/repository/org/seleniumhq/selenium/selenium-api/3.141.59/selenium-api-3.141.59.jar:/Users/SaurabhM84/.m2/repository/org/seleniumhq/selenium/selenium-chrome-driver/3.141.59/selenium-chrome-driver-3.141.59.jar:/Users/SaurabhM84/.m2/repository/org/seleniumhq/selenium/selenium-edge-driver/3.141.59/selenium-edge-driver-3.141.59.jar:/Users/SaurabhM84/.m2/repository/org/seleniumhq/selenium/selenium-firefox-driver/3.141.59/selenium-firefox-driver-3.141.59.jar:/Users/SaurabhM84/.m2/repository/org/seleniumhq/selenium/selenium-ie-driver/3.141.59/selenium-ie-driver-3.141.59.jar:/Users/SaurabhM84/.m2/repository/org/seleniumhq/selenium/selenium-opera-driver/3.141.59/selenium-opera-driver-3.141.59.jar:/Users/SaurabhM84/.m2/repository/org/seleniumhq/selenium/selenium-remote-driver/3.141.59/selenium-remote-driver-3.141.59.jar:/Users/SaurabhM84/.m2/repository/org/seleniumhq/selenium/selenium-safari-driver/3.141.59/selenium-safari-driver-3.141.59.jar:/Users/SaurabhM84/.m2/repository/org/seleniumhq/selenium/selenium-support/3.141.59/selenium-support-3.141.59.jar:/Users/SaurabhM84/.m2/repository/net/bytebuddy/byte-buddy/1.8.15/byte-buddy-1.8.15.jar:/Users/SaurabhM84/.m2/repository/org/apache/commons/commons-exec/1.3/commons-exec-1.3.jar:/Users/SaurabhM84/.m2/repository/com/google/guava/guava/25.0-jre/guava-25.0-jre.jar:/Users/SaurabhM84/.m2/repository/com/google/code/findbugs/jsr305/1.3.9/jsr305-1.3.9.jar:/Users/SaurabhM84/.m2/repository/org/checkerframework/checker-compat-qual/2.0.0/checker-compat-qual-2.0.0.jar:/Users/SaurabhM84/.m2/repository/com/google/errorprone/error_prone_annotations/2.1.3/error_prone_annotations-2.1.3.jar:/Users/SaurabhM84/.m2/repository/com/google/j2objc/j2objc-annotations/1.1/j2objc-annotations-1.1.jar:/Users/SaurabhM84/.m2/repository/org/codehaus/mojo/animal-sniffer-annotations/1.14/animal-sniffer-annotations-1.14.jar:/Users/SaurabhM84/.m2/repository/com/squareup/okhttp3/okhttp/3.11.0/okhttp-3.11.0.jar:/Users/SaurabhM84/.m2/repository/com/squareup/okio/okio/1.14.0/okio-1.14.0.jar:/Users/SaurabhM84/.m2/repository/commons-io/commons-io/2.6/commons-io-2.6.jar:/Users/SaurabhM84/.m2/repository/commons-logging/commons-logging/1.2/commons-logging-1.2.jar:/Users/SaurabhM84/.m2/repository/org/apache/commons/commons-lang3/3.9/commons-lang3-3.9.jar:/Users/SaurabhM84/.m2/repository/com/relevantcodes/extentreports/2.41.2/extentreports-2.41.2.jar:/Users/SaurabhM84/.m2/repository/org/jsoup/jsoup/1.8.3/jsoup-1.8.3.jar:/Users/SaurabhM84/.m2/repository/org/xerial/sqlite-jdbc/3.8.11.1/sqlite-jdbc-3.8.11.1.jar:/Users/SaurabhM84/.m2/repository/org/freemarker/freemarker/2.3.23/freemarker-2.3.23.jar:/Users/SaurabhM84/.m2/repository/org/mongodb/mongodb-driver/3.0.4/mongodb-driver-3.0.4.jar:/Users/SaurabhM84/.m2/repository/org/mongodb/bson/3.0.4/bson-3.0.4.jar:/Users/SaurabhM84/.m2/repository/org/mongodb/mongodb-driver-core/3.0.4/mongodb-driver-core-3.0.4.jar:/Users/SaurabhM84/.m2/repository/org/uncommons/reportng/1.1.4/reportng-1.1.4.jar:/Users/SaurabhM84/.m2/repository/velocity/velocity/1.4/velocity-1.4.jar:/Users/SaurabhM84/.m2/repository/velocity/velocity-dep/1.4/velocity-dep-1.4.jar:/Users/SaurabhM84/.m2/repository/com/google/inject/guice/4.1.0/guice-4.1.0.jar:/Users/SaurabhM84/.m2/repository/javax/inject/javax.inject/1/javax.inject-1.jar:/Users/SaurabhM84/.m2/repository/aopalliance/aopalliance/1.0/aopalliance-1.0.jar:/Users/SaurabhM84/.m2/repository/log4j/log4j/1.2.17/log4j-1.2.17.jar:/Users/SaurabhM84/.m2/repository/org/apache/logging/log4j/log4j-api/2.12.1/log4j-api-2.12.1.jar:/Users/SaurabhM84/.m2/repository/javax/mail/mail/1.4.7/mail-1.4.7.jar:/Users/SaurabhM84/.m2/repository/javax/activation/activation/1.1/activation-1.1.jar:/Users/SaurabhM84/.m2/repository/mysql/mysql-connector-java/6.0.5/mysql-connector-java-6.0.5.jar:/Users/SaurabhM84/.m2/repository/org/apache/poi/poi/3.6/poi-3.6.jar:/Users/SaurabhM84/.m2/repository/org/apache/poi/poi-ooxml/3.6/poi-ooxml-3.6.jar:/Users/SaurabhM84/.m2/repository/dom4j/dom4j/1.1/dom4j-1.1.jar:/Users/SaurabhM84/.m2/repository/org/apache/xmlbeans/xmlbeans/2.3.0/xmlbeans-2.3.0.jar:/Users/SaurabhM84/.m2/repository/stax/stax-api/1.0.1/stax-api-1.0.1.jar:/Users/SaurabhM84/.m2/repository/org/apache/poi/poi-ooxml-schemas/3.6/poi-ooxml-schemas-3.6.jar:/Users/SaurabhM84/.m2/repository/org/apache/geronimo/specs/geronimo-stax-api_1.0_spec/1.0/geronimo-stax-api_1.0_spec-1.0.jar:"/>
    <property name="sun.cpu.endian" value="little"/>
    <property name="user.home" value="/Users/SaurabhM84"/>
    <property name="user.language" value="en"/>
    <property name="java.specification.vendor" value="Oracle Corporation"/>
    <property name="java.home" value="/Library/Java/JavaVirtualMachines/jdk1.8.0_231.jdk/Contents/Home/jre"/>
    <property name="basedir" value="/Users/SaurabhM84/Pragya Automation Testing/eclipse-workspace/AutomationFramework"/>
    <property name="file.separator" value="/"/>
    <property name="line.separator" value="&#10;"/>
    <property name="java.vm.specification.vendor" value="Oracle Corporation"/>
    <property name="java.specification.name" value="Java Platform API Specification"/>
    <property name="java.awt.graphicsenv" value="sun.awt.CGraphicsEnvironment"/>
    <property name="surefire.real.class.path" value="/Users/SaurabhM84/Pragya Automation Testing/eclipse-workspace/AutomationFramework/target/surefire/surefirebooter7602349416620476419.jar"/>
    <property name="sun.boot.class.path" value="/Library/Java/JavaVirtualMachines/jdk1.8.0_231.jdk/Contents/Home/jre/lib/resources.jar:/Library/Java/JavaVirtualMachines/jdk1.8.0_231.jdk/Contents/Home/jre/lib/rt.jar:/Library/Java/JavaVirtualMachines/jdk1.8.0_231.jdk/Contents/Home/jre/lib/sunrsasign.jar:/Library/Java/JavaVirtualMachines/jdk1.8.0_231.jdk/Contents/Home/jre/lib/jsse.jar:/Library/Java/JavaVirtualMachines/jdk1.8.0_231.jdk/Contents/Home/jre/lib/jce.jar:/Library/Java/JavaVirtualMachines/jdk1.8.0_231.jdk/Contents/Home/jre/lib/charsets.jar:/Library/Java/JavaVirtualMachines/jdk1.8.0_231.jdk/Contents/Home/jre/lib/jfr.jar:/Library/Java/JavaVirtualMachines/jdk1.8.0_231.jdk/Contents/Home/jre/classes"/>
    <property name="sun.management.compiler" value="HotSpot 64-Bit Tiered Compilers"/>
    <property name="ftp.nonProxyHosts" value="local|*.local|169.254/16|*.169.254/16"/>
    <property name="java.runtime.version" value="1.8.0_231-b11"/>
    <property name="user.name" value="SaurabhM84"/>
    <property name="path.separator" value=":"/>
    <property name="os.version" value="10.14.6"/>
    <property name="java.endorsed.dirs" value="/Library/Java/JavaVirtualMachines/jdk1.8.0_231.jdk/Contents/Home/jre/lib/endorsed"/>
    <property name="java.runtime.name" value="Java(TM) SE Runtime Environment"/>
    <property name="file.encoding" value="UTF-8"/>
    <property name="java.vm.name" value="Java HotSpot(TM) 64-Bit Server VM"/>
    <property name="localRepository" value="/Users/SaurabhM84/.m2/repository"/>
    <property name="java.vendor.url.bug" value="http://bugreport.sun.com/bugreport/"/>
    <property name="java.io.tmpdir" value="/var/folders/y2/qyykw8sd0m1cf1dj8pjjz1900000gn/T/"/>
    <property name="java.version" value="1.8.0_231"/>
    <property name="user.dir" value="/Users/SaurabhM84/Pragya Automation Testing/eclipse-workspace/AutomationFramework"/>
    <property name="os.arch" value="x86_64"/>
    <property name="java.vm.specification.name" value="Java Virtual Machine Specification"/>
    <property name="java.awt.printerjob" value="sun.lwawt.macosx.CPrinterJob"/>
    <property name="sun.os.patch.level" value="unknown"/>
    <property name="java.library.path" value="/Users/SaurabhM84/Library/Java/Extensions:/Library/Java/Extensions:/Network/Library/Java/Extensions:/System/Library/Java/Extensions:/usr/lib/java:."/>
    <property name="java.vm.info" value="mixed mode"/>
    <property name="java.vendor" value="Oracle Corporation"/>
    <property name="java.vm.version" value="25.231-b11"/>
    <property name="java.ext.dirs" value="/Users/SaurabhM84/Library/Java/Extensions:/Library/Java/JavaVirtualMachines/jdk1.8.0_231.jdk/Contents/Home/jre/lib/ext:/Library/Java/Extensions:/Network/Library/Java/Extensions:/System/Library/Java/Extensions:/usr/lib/java"/>
    <property name="sun.io.unicode.encoding" value="UnicodeBig"/>
    <property name="java.class.version" value="52.0"/>
    <property name="socksNonProxyHosts" value="local|*.local|169.254/16|*.169.254/16"/>
  </properties>
  <testcase name="loginTest" classname="com.testcases.fail.TC001_LoginTest" time="6.07"/>
  <testcase name="VerifyAddPayee" classname="com.testcases.fail.TC003_VerifyAddPayee" time="6.35">
    <failure message="expected [The new payee HydroOne Utility was successfully created.] but found [The new payee HydroOne Utility was successfully created.test]" type="java.lang.AssertionError"><![CDATA[java.lang.AssertionError: expected [The new payee HydroOne Utility was successfully created.] but found [The new payee HydroOne Utility was successfully created.test]
	at com.testcases.fail.TC003_VerifyAddPayee.VerifyAddPayee(TC003_VerifyAddPayee.java:49)
]]></failure>
    <system-err><![CDATA[Starting ChromeDriver 77.0.3865.40 (f484704e052e0b556f8030b65b953dce96503217-refs/branch-heads/3865@{#442}) on port 24239
Only local connections are allowed.
Please protect ports used by ChromeDriver and related test frameworks to prevent access by malicious code.
[1575694287.899][WARNING]: This version of ChromeDriver has not been tested with Chrome version 78.
Dec 06, 2019 11:51:28 PM org.openqa.selenium.remote.ProtocolHandshake createSession
INFO: Detected dialect: W3C
]]></system-err>
  </testcase>
</testsuite>