<?xml version="1.0" encoding="UTF-8"?>
<!-- Generated by org.testng.reporters.JUnitReportReporter -->
<testsuite skipped="0" hostname="Saurabhs-MacBook-Pro.local" name="com.testcases.TC003_VerifyAddPayee" tests="1" failures="0" timestamp="2019-12-05T17:05:29 EST" time="5.197" errors="0">
  <testcase name="VerifyAddPayee" time="5.197" classname="com.testcases.TC003_VerifyAddPayee"/>
</testsuite> <!-- com.testcases.TC003_VerifyAddPayee -->
