<?xml version="1.0" encoding="UTF-8"?>
<!-- Generated by org.testng.reporters.JUnitReportReporter -->
<testsuite skipped="1" hostname="Saurabhs-MacBook-Pro.local" name="com.datadriven.testcases.VerifyAddPayee_DataDriven" tests="1" failures="0" timestamp="2019-12-05T16:29:27 EST" time="0.000" errors="0">
  <testcase name="addNewPayee" time="0.000" classname="com.datadriven.testcases.VerifyAddPayee_DataDriven">
    <skipped/>
  </testcase> <!-- addNewPayee -->
</testsuite> <!-- com.datadriven.testcases.VerifyAddPayee_DataDriven -->
