<?xml version="1.0" encoding="UTF-8"?>
<!-- Generated by org.testng.reporters.JUnitReportReporter -->
<testsuite skipped="0" hostname="Saurabhs-MacBook-Pro.local" name="com.datadriven.testcases.AddPayee_DataDriven" tests="4" failures="0" timestamp="2019-12-06T18:56:37 EST" time="22.359" errors="0">
  <testcase name="AddnewPayee_datadriven" time="5.268" classname="com.datadriven.testcases.AddPayee_DataDriven"/>
  <testcase name="AddnewPayee_datadriven" time="6.791" classname="com.datadriven.testcases.AddPayee_DataDriven"/>
  <testcase name="AddnewPayee_datadriven" time="5.046" classname="com.datadriven.testcases.AddPayee_DataDriven"/>
  <testcase name="AddnewPayee_datadriven" time="5.254" classname="com.datadriven.testcases.AddPayee_DataDriven"/>
</testsuite> <!-- com.datadriven.testcases.AddPayee_DataDriven -->
