<?xml version="1.0" encoding="UTF-8"?>
<!-- Generated by org.testng.reporters.JUnitReportReporter -->
<testsuite skipped="0" hostname="Saurabhs-MacBook-Pro.local" name="com.testcases.TC002_PaySavedPayee" tests="1" failures="0" timestamp="2019-12-05T17:05:29 EST" time="4.842" errors="0">
  <testcase name="PaySavedPayee" time="4.842" classname="com.testcases.TC002_PaySavedPayee"/>
</testsuite> <!-- com.testcases.TC002_PaySavedPayee -->
