<?xml version="1.0" encoding="UTF-8"?>
<!-- Generated by org.testng.reporters.JUnitReportReporter -->
<testsuite skipped="0" hostname="Saurabhs-MacBook-Pro.local" name="com.testcases.SignInTest" tests="1" failures="0" timestamp="2019-11-29T16:31:24 EST" time="2.772" errors="0">
  <testcase name="signInTest" time="2.772" classname="com.testcases.SignInTest"/>
</testsuite> <!-- com.testcases.SignInTest -->
