<?xml version="1.0" encoding="UTF-8"?>
<!-- Generated by org.testng.reporters.JUnitReportReporter -->
<testsuite skipped="0" hostname="Saurabhs-MacBook-Pro.local" name="com.testcases.TC005_PurchaseForeignCurrency" tests="1" failures="0" timestamp="2019-12-03T16:43:04 EST" time="5.146" errors="0">
  <testcase name="PurchaseForeignCurrency" time="5.146" classname="com.testcases.TC005_PurchaseForeignCurrency"/>
</testsuite> <!-- com.testcases.TC005_PurchaseForeignCurrency -->
