<?xml version="1.0" encoding="UTF-8"?>
<!-- Generated by org.testng.reporters.JUnitReportReporter -->
<testsuite skipped="0" hostname="Saurabhs-MacBook-Pro.local" name="com.testcases.TC001_LoginTest" tests="1" failures="0" timestamp="2019-12-05T17:05:30 EST" time="4.182" errors="0">
  <testcase name="loginTest" time="4.182" classname="com.testcases.TC001_LoginTest"/>
</testsuite> <!-- com.testcases.TC001_LoginTest -->
