<?xml version="1.0" encoding="UTF-8"?>
<!-- Generated by org.testng.reporters.JUnitReportReporter -->
<testsuite skipped="0" hostname="Saurabhs-MacBook-Pro.local" name="com.testcases.TC003_VerifyAddPayee" tests="1" failures="0" timestamp="2019-12-03T16:43:04 EST" time="6.054" errors="0">
  <testcase name="VerifyAddPayee" time="6.054" classname="com.testcases.TC003_VerifyAddPayee"/>
</testsuite> <!-- com.testcases.TC003_VerifyAddPayee -->
