<?xml version="1.0" encoding="UTF-8"?>
<!-- Generated by org.testng.reporters.JUnitReportReporter -->
<testsuite skipped="0" hostname="Saurabhs-MacBook-Pro.local" name="com.testcases.TC005_PurchaseForeignCurrency" tests="1" failures="0" timestamp="2019-12-05T17:05:30 EST" time="4.806" errors="0">
  <testcase name="PurchaseForeignCurrency" time="4.806" classname="com.testcases.TC005_PurchaseForeignCurrency"/>
</testsuite> <!-- com.testcases.TC005_PurchaseForeignCurrency -->
