<?xml version="1.0" encoding="UTF-8"?>
<!-- Generated by org.testng.reporters.JUnitReportReporter -->
<testsuite skipped="0" hostname="Saurabhs-MacBook-Pro.local" name="com.testcases.LoginTest" tests="1" failures="0" timestamp="2019-11-29T16:31:24 EST" time="6.620" errors="0">
  <testcase name="loginTest" time="6.620" classname="com.testcases.LoginTest"/>
</testsuite> <!-- com.testcases.LoginTest -->
