<?xml version="1.0" encoding="UTF-8"?>
<!-- Generated by org.testng.reporters.JUnitReportReporter -->
<testsuite skipped="0" hostname="Saurabhs-MacBook-Pro.local" name="com.testcases.fail.TC001_LoginTest" tests="1" failures="0" timestamp="2019-12-04T23:13:36 EST" time="6.690" errors="0">
  <testcase name="loginTest" time="6.690" classname="com.testcases.fail.TC001_LoginTest"/>
</testsuite> <!-- com.testcases.fail.TC001_LoginTest -->
