<?xml version="1.0" encoding="UTF-8"?>
<!-- Generated by org.testng.reporters.JUnitReportReporter -->
<testsuite skipped="0" hostname="Saurabhs-MacBook-Pro.local" name="com.testcases.SignInTest" tests="1" failures="0" timestamp="2019-12-01T18:54:45 EST" time="4.132" errors="0">
  <testcase name="signInTest" time="4.132" classname="com.testcases.SignInTest"/>
</testsuite> <!-- com.testcases.SignInTest -->
